<?xml version="1.0" encoding="UTF-8"?>
<document version="15" show-margin="true" snap-margin="true" margin="36 36 36 36" null-string="&lt;NA&gt;">
  <datasource source="file:/C:/Users/Furqan Parvaz/Documents/FB/test.xml" />
  <page width="612" height="792">
    <text x="42" y="41" width="535" height="29">
      <font name="Arial Bold" size="22" />
      <pgraph align="center" />
      <string>FULL CAR INFORMATION</string>
    </text>
    <line x="36" y="80" width="540">
      <stroke />
    </line>
    <text x="36" y="70" width="540" height="68">
      <font name="Arial Bold" size="18" />
      <pgraph align="center" />
      <string>&#10;</string>
      <string>BASIC DETIALS</string>
    </text>
    <line x="69" y="123" width="482">
      <stroke />
    </line>
    <text x="129" y="139" width="64" height="17">
      <string>Name :  </string>
    </text>
    <text x="130" y="160" width="64" height="18">
      <string>Color :  </string>
    </text>
    <text x="129" y="181" width="64" height="16">
      <string>Tank : </string>
    </text>
    <text x="129" y="204" width="95" height="16">
      <string>Manufacturer : </string>
    </text>
    <text x="130" y="227" width="64" height="16">
      <string>Milleage : </string>
    </text>
    <text x="396" y="157" width="64" height="16">
      <string>Model : </string>
    </text>
    <text x="397" y="179" width="68" height="16">
      <string>Feul Type : </string>
    </text>
    <text x="397" y="203" width="91" height="16">
      <string>Initial Purchase: : </string>
    </text>
    <text x="219" y="275" width="64" height="16">
      <string>Price : </string>
    </text>
    <text x="394" y="135" width="64" height="16">
      <string>Location : </string>
    </text>
    <text x="217" y="252" width="64" height="16">
      <string>Date Sold : </string>
    </text>
    <text x="399" y="228" width="87" height="16">
      <string>Number Plate : </string>
    </text>
    <line x="64" y="328" width="188" height="0.1">
      <stroke />
    </line>
    <text x="36" y="273" width="226" height="56">
      <font name="Arial Bold" size="18" />
      <pgraph align="center" />
      <string>&#10;</string>
      <string>BUYER DETAILS</string>
    </text>
    <line x="356" y="330" width="188" height="0.1">
      <stroke />
    </line>
    <text x="328" y="277" width="226" height="56">
      <font name="Arial Bold" size="18" />
      <pgraph align="center" />
      <string>&#10;</string>
      <string>SELLER DETAILS</string>
    </text>
    <text x="73" y="340" width="64" height="16">
      <string>Name : </string>
    </text>
    <text x="74" y="359" width="64" height="16">
      <string>Address : </string>
    </text>
    <text x="73" y="378" width="67" height="16">
      <string>Phone No : </string>
    </text>
    <text x="372" y="344" width="64" height="16">
      <string>Name : </string>
    </text>
    <text x="373" y="363" width="64" height="16">
      <string>Address : </string>
    </text>
    <text x="372" y="382" width="68" height="16">
      <string>Phone No : </string>
    </text>
    <line x="61" y="513" width="482">
      <stroke />
    </line>
    <text x="11" y="462" width="540" height="68">
      <font name="Arial Bold" size="18" />
      <pgraph align="center" />
      <string>&#10;</string>
      <string>MAINTAINANCE DETIALS</string>
    </text>
    <text x="26" y="389" width="540" height="68">
      <font name="Arial Bold" size="18" />
      <pgraph align="center" />
      <string>&#10;</string>
      <string>COMMISSION DETIALS</string>
    </text>
    <line x="61" y="435" width="482">
      <stroke />
    </line>
    <text x="72" y="451" width="64" height="16">
      <string>Informers : </string>
    </text>
    <text x="229" y="452" width="64" height="16">
      <string>Agents : </string>
    </text>
    <text x="384" y="451" width="119" height="14">
      <string>Sunday Bazaar : </string>
    </text>
    <text x="169.5" y="157.5" width="55" height="15">
      <string>@color@</string>
    </text>
    <text x="489" y="201.5" width="52" height="15">
      <string>@doip@</string>
    </text>
    <text x="460" y="179.5" width="48" height="15">
      <string>@feul@</string>
    </text>
    <text x="277" y="452.5" width="52" height="15">
      <string>@agnt@</string>
    </text>
    <text x="127" y="358.5" width="56" height="15">
      <string>@badd@</string>
    </text>
    <text x="117" y="340.5" width="66" height="15">
      <string>@bname@</string>
    </text>
    <text x="135.5" y="375.5" width="49" height="15">
      <string>@bno@</string>
    </text>
    <text x="137" y="450.5" width="42" height="15">
      <string>@inf@</string>
    </text>
    <text x="451" y="134.5" width="44" height="15">
      <string>@loc@</string>
    </text>
    <text x="212.5" y="203.5" width="59" height="15">
      <string>@manu@</string>
    </text>
    <text x="186" y="225.5" width="44" height="15">
      <string>@mil@</string>
    </text>
    <text x="442" y="156.5" width="62" height="15">
      <string>@model@</string>
    </text>
    <text x="486" y="227.5" width="62" height="15">
      <string>@nplate@</string>
    </text>
    <text x="259.5" y="275.5" width="55" height="15">
      <string>@price@</string>
    </text>
    <text x="427" y="362.5" width="44" height="15">
      <string>@sid@</string>
    </text>
    <text x="417.5" y="343.5" width="65" height="15">
      <string>@sname@</string>
    </text>
    <text x="438.5" y="382.5" width="55" height="15">
      <string>@spno@</string>
    </text>
    <text x="171" y="179.5" width="52" height="15">
      <string>@tank@</string>
    </text>
    <table x="36" y="520" width="540" height="163" list-key="list">
      <grouping key="list" header="true" details="true" />
      <tablerow width="540" height="18" title="list Header">
        <text width="108" height="18">
          <font name="Arial Bold" size="14" />
          <pgraph align="center" />
          <underline />
          <string>Type</string>
        </text>
        <text x="108" width="108" height="18">
          <font name="Arial Bold" size="14" />
          <pgraph align="center" />
          <underline />
          <string>Part</string>
        </text>
        <text x="216" width="108" height="18">
          <font name="Arial Bold" size="14" />
          <pgraph align="center" />
          <underline />
          <string>Service</string>
        </text>
        <text x="324" width="108" height="18">
          <font name="Arial Bold" size="14" />
          <pgraph align="center" />
          <underline />
          <string>Mechanic</string>
        </text>
        <text x="432" width="108" height="18">
          <font name="Arial Bold" size="14" />
          <pgraph align="center" />
          <underline />
          <string>Commission</string>
        </text>
      </tablerow>
      <tablerow y="34" width="540" height="17" title="list Details" sync-pars="true" sync-alts="true">
        <text width="108" height="17">
          <pgraph align="center" />
          <string>@Type@</string>
        </text>
        <text x="108" width="108" height="17">
          <pgraph align="center" />
          <string>@Part@</string>
        </text>
        <text x="216" width="108" height="17">
          <pgraph align="center" />
          <string>@Task@</string>
        </text>
        <text x="324" width="108" height="17">
          <pgraph align="center" />
          <string>@Mechanic@</string>
        </text>
        <text x="432" width="108" height="17">
          <pgraph align="center" />
          <string>@Comm@</string>
        </text>
      </tablerow>
    </table>
    <text x="283" y="250.5" width="74" height="15">
      <string>@datesold@</string>
    </text>
    <text x="476" y="449.5" width="68" height="15">
      <string>@sunday@</string>
    </text>
    <text x="176" y="136.5" width="38" height="15">
      <string>@id@</string>
    </text>
    <text x="206" y="719" width="64" height="22">
      <font name="Arial Bold" size="15" />
      <string>TOTAL : </string>
    </text>
    <text x="277" y="718.5" width="168" height="19.5">
      <font name="Arial Bold" size="15" />
      <string>Rs. @total@</string>
    </text>
  </page>
</document>